  [1m[36m (12.7ms)[0m  [1mCREATE TABLE "schema_migrations" ("version" varchar NOT NULL) [0m
  [1m[35m (0.1ms)[0m  select sqlite_version(*)
  [1m[36m (26.0ms)[0m  [1mCREATE UNIQUE INDEX "unique_schema_migrations" ON "schema_migrations" ("version")[0m
  [1m[35mActiveRecord::SchemaMigration Load (0.1ms)[0m  SELECT "schema_migrations".* FROM "schema_migrations"
Migrating to CreatePatients (20170408085451)
  [1m[36m (0.1ms)[0m  [1mbegin transaction[0m
  [1m[35m (0.3ms)[0m  CREATE TABLE "patients" ("id" INTEGER PRIMARY KEY AUTOINCREMENT NOT NULL, "name" varchar, "dob" varchar, "address" varchar, "phoneno" varchar, "injury" varchar, "created_at" datetime NOT NULL, "updated_at" datetime NOT NULL) 
  [1m[36mSQL (0.2ms)[0m  [1mINSERT INTO "schema_migrations" ("version") VALUES (?)[0m  [["version", "20170408085451"]]
  [1m[35m (3.9ms)[0m  commit transaction
  [1m[36mActiveRecord::SchemaMigration Load (0.1ms)[0m  [1mSELECT "schema_migrations".* FROM "schema_migrations"[0m
  [1m[36mActiveRecord::SchemaMigration Load (0.1ms)[0m  [1mSELECT "schema_migrations".* FROM "schema_migrations"[0m
Migrating to CreateRequests (20170408085556)
  [1m[35m (0.1ms)[0m  begin transaction
  [1m[36m (0.3ms)[0m  [1mCREATE TABLE "requests" ("id" INTEGER PRIMARY KEY AUTOINCREMENT NOT NULL, "details" varchar, "patient_id" integer, "created_at" datetime NOT NULL, "updated_at" datetime NOT NULL) [0m
  [1m[35m (0.1ms)[0m  select sqlite_version(*)
  [1m[36m (0.2ms)[0m  [1mCREATE  INDEX "index_requests_on_patient_id" ON "requests" ("patient_id")[0m
  [1m[35mSQL (0.2ms)[0m  INSERT INTO "schema_migrations" ("version") VALUES (?)  [["version", "20170408085556"]]
  [1m[36m (12.2ms)[0m  [1mcommit transaction[0m
  [1m[35mActiveRecord::SchemaMigration Load (0.1ms)[0m  SELECT "schema_migrations".* FROM "schema_migrations"
  [1m[36m (0.2ms)[0m  [1m            SELECT sql
            FROM sqlite_master
            WHERE name='index_requests_on_patient_id' AND type='index'
            UNION ALL
            SELECT sql
            FROM sqlite_temp_master
            WHERE name='index_requests_on_patient_id' AND type='index'
[0m


Started GET "/patients" for 127.0.0.1 at 2017-04-08 10:55:35 +0100
  [1m[36mActiveRecord::SchemaMigration Load (0.1ms)[0m  [1mSELECT "schema_migrations".* FROM "schema_migrations"[0m
Processing by PatientsController#index as HTML
  [1m[35mPatient Load (0.4ms)[0m  SELECT "patients".* FROM "patients"
  Rendered patients/index.html.erb within layouts/application (23.7ms)
Completed 200 OK in 4179ms (Views: 4093.2ms | ActiveRecord: 0.5ms)


Started GET "/assets/scaffolds.self-ba31ae3f7eef2c01d50c581bbbd7bf5ff0fa4344618b692e70a42b041b15f064.css?body=1" for 127.0.0.1 at 2017-04-08 10:55:41 +0100


Started GET "/patients/new" for 127.0.0.1 at 2017-04-08 10:55:44 +0100
Processing by PatientsController#new as HTML
  Rendered patients/_form.html.erb (171.9ms)
  Rendered patients/new.html.erb within layouts/application (279.8ms)
Completed 200 OK in 341ms (Views: 336.4ms | ActiveRecord: 0.4ms)


Started POST "/patients" for 127.0.0.1 at 2017-04-08 10:56:07 +0100
Processing by PatientsController#create as HTML
  Parameters: {"utf8"=>"✓", "authenticity_token"=>"A1jX3aJ/DSi2X7GEWUy6ZkeOIffDVx0xOXjsD9Vco1KI3cskuzq5f5LqcXBOxv7NpyIilDMK1JDYtaJd61L+tA==", "patient"=>{"name"=>"david Byrne", "dob"=>"08/02/1988", "address"=>"26 TheLads Avenue", "phoneno"=>"0861234567", "injury"=>"Wrecked Head"}, "commit"=>"Create Patient"}
  [1m[36m (0.1ms)[0m  [1mbegin transaction[0m
  [1m[35mSQL (0.3ms)[0m  INSERT INTO "patients" ("name", "dob", "address", "phoneno", "injury", "created_at", "updated_at") VALUES (?, ?, ?, ?, ?, ?, ?)  [["name", "david Byrne"], ["dob", "08/02/1988"], ["address", "26 TheLads Avenue"], ["phoneno", "0861234567"], ["injury", "Wrecked Head"], ["created_at", "2017-04-08 09:56:07.349659"], ["updated_at", "2017-04-08 09:56:07.349659"]]
  [1m[36m (11.3ms)[0m  [1mcommit transaction[0m
Redirected to http://0.0.0.0:3000/patients/1
Completed 302 Found in 44ms (ActiveRecord: 11.7ms)


Started GET "/patients/1" for 127.0.0.1 at 2017-04-08 10:56:07 +0100
Processing by PatientsController#show as HTML
  Parameters: {"id"=>"1"}
  [1m[35mPatient Load (0.2ms)[0m  SELECT  "patients".* FROM "patients" WHERE "patients"."id" = ? LIMIT 1  [["id", 1]]
  [1m[36mRequest Load (0.1ms)[0m  [1mSELECT "requests".* FROM "requests" WHERE "requests"."patient_id" = ?[0m  [["patient_id", 1]]
  Rendered patients/show.html.erb within layouts/application (92.7ms)
Completed 200 OK in 234ms (Views: 171.4ms | ActiveRecord: 0.5ms)


Started GET "/patients/1/requests" for 127.0.0.1 at 2017-04-08 10:56:09 +0100

SyntaxError (/home/david/project1/SHC-PMS/app/controllers/requests_controller.rb:64: syntax error, unexpected end-of-input, expecting keyword_end):
  app/controllers/requests_controller.rb:64: syntax error, unexpected end-of-input, expecting keyword_end


  Rendered /usr/lib/ruby/vendor_ruby/action_dispatch/middleware/templates/rescues/_source.erb (5.2ms)
  Rendered /usr/lib/ruby/vendor_ruby/action_dispatch/middleware/templates/rescues/_trace.html.erb (3.1ms)
  Rendered /usr/lib/ruby/vendor_ruby/action_dispatch/middleware/templates/rescues/_request_and_response.html.erb (1.5ms)
  Rendered /usr/lib/ruby/vendor_ruby/action_dispatch/middleware/templates/rescues/diagnostics.html.erb within rescues/layout (35.5ms)
  Rendered /usr/lib/ruby/vendor_ruby/web_console/templates/_markup.html.erb (0.5ms)
  Rendered /usr/lib/ruby/vendor_ruby/web_console/templates/_inner_console_markup.html.erb within layouts/inlined_string (0.4ms)
  Rendered /usr/lib/ruby/vendor_ruby/web_console/templates/_prompt_box_markup.html.erb within layouts/inlined_string (0.4ms)
  Rendered /usr/lib/ruby/vendor_ruby/web_console/templates/style.css.erb within layouts/inlined_string (0.4ms)
  Rendered /usr/lib/ruby/vendor_ruby/web_console/templates/console.js.erb within layouts/javascript (35.3ms)
  Rendered /usr/lib/ruby/vendor_ruby/web_console/templates/main.js.erb within layouts/javascript (0.3ms)
  Rendered /usr/lib/ruby/vendor_ruby/web_console/templates/error_page.js.erb within layouts/javascript (5.5ms)
  Rendered /usr/lib/ruby/vendor_ruby/web_console/templates/index.html.erb (76.6ms)


Started GET "/patients/1/requests" for 127.0.0.1 at 2017-04-08 10:56:09 +0100

SyntaxError (/home/david/project1/SHC-PMS/app/controllers/requests_controller.rb:64: syntax error, unexpected end-of-input, expecting keyword_end):
  app/controllers/requests_controller.rb:64: syntax error, unexpected end-of-input, expecting keyword_end


  Rendered /usr/lib/ruby/vendor_ruby/action_dispatch/middleware/templates/rescues/_source.erb (8.8ms)
  Rendered /usr/lib/ruby/vendor_ruby/action_dispatch/middleware/templates/rescues/_trace.html.erb (1.9ms)
  Rendered /usr/lib/ruby/vendor_ruby/action_dispatch/middleware/templates/rescues/_request_and_response.html.erb (1.1ms)
  Rendered /usr/lib/ruby/vendor_ruby/action_dispatch/middleware/templates/rescues/diagnostics.html.erb within rescues/layout (42.7ms)
  Rendered /usr/lib/ruby/vendor_ruby/web_console/templates/_markup.html.erb (0.4ms)
  Rendered /usr/lib/ruby/vendor_ruby/web_console/templates/_inner_console_markup.html.erb within layouts/inlined_string (0.3ms)
  Rendered /usr/lib/ruby/vendor_ruby/web_console/templates/_prompt_box_markup.html.erb within layouts/inlined_string (0.9ms)
  Rendered /usr/lib/ruby/vendor_ruby/web_console/templates/style.css.erb within layouts/inlined_string (0.3ms)
  Rendered /usr/lib/ruby/vendor_ruby/web_console/templates/console.js.erb within layouts/javascript (38.4ms)
  Rendered /usr/lib/ruby/vendor_ruby/web_console/templates/main.js.erb within layouts/javascript (0.3ms)
  Rendered /usr/lib/ruby/vendor_ruby/web_console/templates/error_page.js.erb within layouts/javascript (1.5ms)
  Rendered /usr/lib/ruby/vendor_ruby/web_console/templates/index.html.erb (66.5ms)


Started GET "/patients/1/requests" for 127.0.0.1 at 2017-04-08 10:58:00 +0100
Processing by RequestsController#index as HTML
  Parameters: {"patient_id"=>"1"}
  [1m[35mPatient Load (0.1ms)[0m  SELECT  "patients".* FROM "patients" WHERE "patients"."id" = ? LIMIT 1  [["id", 1]]
  [1m[36mRequest Load (0.2ms)[0m  [1mSELECT "requests".* FROM "requests" WHERE "requests"."patient_id" = ?[0m  [["patient_id", 1]]
  Rendered requests/index.html.erb within layouts/application (2.7ms)
Completed 200 OK in 198ms (Views: 144.5ms | ActiveRecord: 15.7ms)


Started GET "/patients/1/requests/new" for 127.0.0.1 at 2017-04-08 10:58:04 +0100
Processing by RequestsController#new as HTML
  Parameters: {"patient_id"=>"1"}
  [1m[35mPatient Load (0.1ms)[0m  SELECT  "patients".* FROM "patients" WHERE "patients"."id" = ? LIMIT 1  [["id", 1]]
  Rendered requests/_form.html.erb (23.9ms)
  Rendered requests/new.html.erb within layouts/application (38.0ms)
Completed 200 OK in 140ms (Views: 104.4ms | ActiveRecord: 0.2ms)


Started POST "/patients/1/requests" for 127.0.0.1 at 2017-04-08 10:58:13 +0100
Processing by RequestsController#create as HTML
  Parameters: {"utf8"=>"✓", "authenticity_token"=>"j0J4sZOIOOdGB8oMDvE5woieTcrV3PtBNLz4W1e2A7EEx2RIis2MsGKyCvgZe31paDJOqSWBMuDVcbYJabheVw==", "request"=>{"details"=>"Needs Xray"}, "commit"=>"Create Request", "patient_id"=>"1"}
  [1m[36mPatient Load (0.1ms)[0m  [1mSELECT  "patients".* FROM "patients" WHERE "patients"."id" = ? LIMIT 1[0m  [["id", 1]]
  [1m[35m (0.7ms)[0m  begin transaction
  [1m[36mSQL (3.0ms)[0m  [1mINSERT INTO "requests" ("details", "patient_id", "created_at", "updated_at") VALUES (?, ?, ?, ?)[0m  [["details", "Needs Xray"], ["patient_id", 1], ["created_at", "2017-04-08 09:58:13.205551"], ["updated_at", "2017-04-08 09:58:13.205551"]]
  [1m[35m (3.2ms)[0m  commit transaction
Redirected to http://0.0.0.0:3000/patients/1/requests/1
Completed 302 Found in 14ms (ActiveRecord: 6.9ms)


Started GET "/patients/1/requests/1" for 127.0.0.1 at 2017-04-08 10:58:13 +0100
Processing by RequestsController#show as HTML
  Parameters: {"patient_id"=>"1", "id"=>"1"}
  [1m[36mPatient Load (0.1ms)[0m  [1mSELECT  "patients".* FROM "patients" WHERE "patients"."id" = ? LIMIT 1[0m  [["id", 1]]
  [1m[35mRequest Load (0.2ms)[0m  SELECT  "requests".* FROM "requests" WHERE "requests"."patient_id" = ? AND "requests"."id" = ? LIMIT 1  [["patient_id", 1], ["id", 1]]
  Rendered requests/show.html.erb within layouts/application (0.7ms)
Completed 200 OK in 68ms (Views: 63.7ms | ActiveRecord: 0.3ms)


Started GET "/patients/1/requests" for 127.0.0.1 at 2017-04-08 10:58:16 +0100
Processing by RequestsController#index as HTML
  Parameters: {"patient_id"=>"1"}
  [1m[36mPatient Load (0.1ms)[0m  [1mSELECT  "patients".* FROM "patients" WHERE "patients"."id" = ? LIMIT 1[0m  [["id", 1]]
  [1m[35mRequest Load (0.1ms)[0m  SELECT "requests".* FROM "requests" WHERE "requests"."patient_id" = ?  [["patient_id", 1]]
  Rendered requests/index.html.erb within layouts/application (8.4ms)
Completed 500 Internal Server Error in 12ms (ActiveRecord: 0.2ms)

ActionView::Template::Error (No route matches {:action=>"edit", :controller=>"requests", :id=>"1", :patient_id=>nil} missing required keys: [:patient_id]):
     7: <tr>
     8: <td><%= request.details %></td>
     9: <td><%= link_to 'Show', patient_request_path(@patient, request) %></td>
    10: <td><%= link_to 'Edit', edit_patient_request_path(@movie, request) %></td>
    11: <td><%= link_to 'Destroy', patient_request_path(@patient, request), :confirm => 'Are you sure?', :method => :delete %></td>
    12: </tr>
    13: <% end %>
  app/views/requests/index.html.erb:10:in `block in _app_views_requests_index_html_erb__2946530164261200069_69985073391240'
  app/views/requests/index.html.erb:6:in `_app_views_requests_index_html_erb__2946530164261200069_69985073391240'


  Rendered /usr/lib/ruby/vendor_ruby/action_dispatch/middleware/templates/rescues/_source.erb (22.7ms)
  Rendered /usr/lib/ruby/vendor_ruby/action_dispatch/middleware/templates/rescues/_trace.html.erb (5.3ms)
  Rendered /usr/lib/ruby/vendor_ruby/action_dispatch/middleware/templates/rescues/_request_and_response.html.erb (5.1ms)
  Rendered /usr/lib/ruby/vendor_ruby/action_dispatch/middleware/templates/rescues/template_error.html.erb within rescues/layout (59.3ms)
  Rendered /usr/lib/ruby/vendor_ruby/web_console/templates/_markup.html.erb (1.1ms)
  Rendered /usr/lib/ruby/vendor_ruby/web_console/templates/_inner_console_markup.html.erb within layouts/inlined_string (0.6ms)
  Rendered /usr/lib/ruby/vendor_ruby/web_console/templates/_prompt_box_markup.html.erb within layouts/inlined_string (0.4ms)
  Rendered /usr/lib/ruby/vendor_ruby/web_console/templates/style.css.erb within layouts/inlined_string (0.4ms)
  Rendered /usr/lib/ruby/vendor_ruby/web_console/templates/console.js.erb within layouts/javascript (48.6ms)
  Rendered /usr/lib/ruby/vendor_ruby/web_console/templates/main.js.erb within layouts/javascript (0.4ms)
  Rendered /usr/lib/ruby/vendor_ruby/web_console/templates/error_page.js.erb within layouts/javascript (5.3ms)
  Rendered /usr/lib/ruby/vendor_ruby/web_console/templates/index.html.erb (93.1ms)


Started GET "/patients/1/requests" for 127.0.0.1 at 2017-04-08 10:58:17 +0100
Processing by RequestsController#index as HTML
  Parameters: {"patient_id"=>"1"}
  [1m[36mPatient Load (0.1ms)[0m  [1mSELECT  "patients".* FROM "patients" WHERE "patients"."id" = ? LIMIT 1[0m  [["id", 1]]
  [1m[35mRequest Load (0.1ms)[0m  SELECT "requests".* FROM "requests" WHERE "requests"."patient_id" = ?  [["patient_id", 1]]
  Rendered requests/index.html.erb within layouts/application (8.2ms)
Completed 500 Internal Server Error in 16ms (ActiveRecord: 0.2ms)

ActionView::Template::Error (No route matches {:action=>"edit", :controller=>"requests", :id=>"1", :patient_id=>nil} missing required keys: [:patient_id]):
     7: <tr>
     8: <td><%= request.details %></td>
     9: <td><%= link_to 'Show', patient_request_path(@patient, request) %></td>
    10: <td><%= link_to 'Edit', edit_patient_request_path(@movie, request) %></td>
    11: <td><%= link_to 'Destroy', patient_request_path(@patient, request), :confirm => 'Are you sure?', :method => :delete %></td>
    12: </tr>
    13: <% end %>
  app/views/requests/index.html.erb:10:in `block in _app_views_requests_index_html_erb__2946530164261200069_69985057504340'
  app/views/requests/index.html.erb:6:in `_app_views_requests_index_html_erb__2946530164261200069_69985057504340'


  Rendered /usr/lib/ruby/vendor_ruby/action_dispatch/middleware/templates/rescues/_source.erb (28.8ms)
  Rendered /usr/lib/ruby/vendor_ruby/action_dispatch/middleware/templates/rescues/_trace.html.erb (6.0ms)
  Rendered /usr/lib/ruby/vendor_ruby/action_dispatch/middleware/templates/rescues/_request_and_response.html.erb (3.0ms)
  Rendered /usr/lib/ruby/vendor_ruby/action_dispatch/middleware/templates/rescues/template_error.html.erb within rescues/layout (69.7ms)
  Rendered /usr/lib/ruby/vendor_ruby/web_console/templates/_markup.html.erb (0.4ms)
  Rendered /usr/lib/ruby/vendor_ruby/web_console/templates/_inner_console_markup.html.erb within layouts/inlined_string (3.4ms)
  Rendered /usr/lib/ruby/vendor_ruby/web_console/templates/_prompt_box_markup.html.erb within layouts/inlined_string (8.9ms)
  Rendered /usr/lib/ruby/vendor_ruby/web_console/templates/style.css.erb within layouts/inlined_string (0.3ms)
  Rendered /usr/lib/ruby/vendor_ruby/web_console/templates/console.js.erb within layouts/javascript (27.8ms)
  Rendered /usr/lib/ruby/vendor_ruby/web_console/templates/main.js.erb within layouts/javascript (0.2ms)
  Rendered /usr/lib/ruby/vendor_ruby/web_console/templates/error_page.js.erb within layouts/javascript (0.4ms)
  Rendered /usr/lib/ruby/vendor_ruby/web_console/templates/index.html.erb (60.8ms)


Started GET "/patients" for 127.0.0.1 at 2017-04-08 10:58:22 +0100
Processing by PatientsController#index as HTML
  [1m[36mPatient Load (0.1ms)[0m  [1mSELECT "patients".* FROM "patients"[0m
  Rendered patients/index.html.erb within layouts/application (1.4ms)
Completed 200 OK in 70ms (Views: 69.1ms | ActiveRecord: 0.1ms)


Started GET "/patients/1" for 127.0.0.1 at 2017-04-08 10:58:27 +0100
Processing by PatientsController#show as HTML
  Parameters: {"id"=>"1"}
  [1m[35mPatient Load (0.1ms)[0m  SELECT  "patients".* FROM "patients" WHERE "patients"."id" = ? LIMIT 1  [["id", 1]]
  [1m[36mRequest Load (0.1ms)[0m  [1mSELECT "requests".* FROM "requests" WHERE "requests"."patient_id" = ?[0m  [["patient_id", 1]]
  Rendered patients/show.html.erb within layouts/application (1.9ms)
Completed 200 OK in 76ms (Views: 74.4ms | ActiveRecord: 0.2ms)


Started GET "/patients/1/requests" for 127.0.0.1 at 2017-04-08 10:58:28 +0100
Processing by RequestsController#index as HTML
  Parameters: {"patient_id"=>"1"}
  [1m[35mPatient Load (0.1ms)[0m  SELECT  "patients".* FROM "patients" WHERE "patients"."id" = ? LIMIT 1  [["id", 1]]
  [1m[36mRequest Load (0.1ms)[0m  [1mSELECT "requests".* FROM "requests" WHERE "requests"."patient_id" = ?[0m  [["patient_id", 1]]
  Rendered requests/index.html.erb within layouts/application (2.3ms)
Completed 500 Internal Server Error in 5ms (ActiveRecord: 0.1ms)

ActionView::Template::Error (No route matches {:action=>"edit", :controller=>"requests", :id=>"1", :patient_id=>nil} missing required keys: [:patient_id]):
     7: <tr>
     8: <td><%= request.details %></td>
     9: <td><%= link_to 'Show', patient_request_path(@patient, request) %></td>
    10: <td><%= link_to 'Edit', edit_patient_request_path(@movie, request) %></td>
    11: <td><%= link_to 'Destroy', patient_request_path(@patient, request), :confirm => 'Are you sure?', :method => :delete %></td>
    12: </tr>
    13: <% end %>
  app/views/requests/index.html.erb:10:in `block in _app_views_requests_index_html_erb__2946530164261200069_69985073391240'
  app/views/requests/index.html.erb:6:in `_app_views_requests_index_html_erb__2946530164261200069_69985073391240'


  Rendered /usr/lib/ruby/vendor_ruby/action_dispatch/middleware/templates/rescues/_source.erb (6.7ms)
  Rendered /usr/lib/ruby/vendor_ruby/action_dispatch/middleware/templates/rescues/_trace.html.erb (2.4ms)
  Rendered /usr/lib/ruby/vendor_ruby/action_dispatch/middleware/templates/rescues/_request_and_response.html.erb (0.9ms)
  Rendered /usr/lib/ruby/vendor_ruby/action_dispatch/middleware/templates/rescues/template_error.html.erb within rescues/layout (23.5ms)
  Rendered /usr/lib/ruby/vendor_ruby/web_console/templates/_markup.html.erb (0.4ms)
  Rendered /usr/lib/ruby/vendor_ruby/web_console/templates/_inner_console_markup.html.erb within layouts/inlined_string (0.4ms)
  Rendered /usr/lib/ruby/vendor_ruby/web_console/templates/_prompt_box_markup.html.erb within layouts/inlined_string (0.5ms)
  Rendered /usr/lib/ruby/vendor_ruby/web_console/templates/style.css.erb within layouts/inlined_string (0.5ms)
  Rendered /usr/lib/ruby/vendor_ruby/web_console/templates/console.js.erb within layouts/javascript (43.9ms)
  Rendered /usr/lib/ruby/vendor_ruby/web_console/templates/main.js.erb within layouts/javascript (0.5ms)
  Rendered /usr/lib/ruby/vendor_ruby/web_console/templates/error_page.js.erb within layouts/javascript (0.5ms)
  Rendered /usr/lib/ruby/vendor_ruby/web_console/templates/index.html.erb (78.6ms)


Started GET "/patients/1/requests" for 127.0.0.1 at 2017-04-08 10:58:29 +0100
Processing by RequestsController#index as HTML
  Parameters: {"patient_id"=>"1"}
  [1m[35mPatient Load (0.1ms)[0m  SELECT  "patients".* FROM "patients" WHERE "patients"."id" = ? LIMIT 1  [["id", 1]]
  [1m[36mRequest Load (4.4ms)[0m  [1mSELECT "requests".* FROM "requests" WHERE "requests"."patient_id" = ?[0m  [["patient_id", 1]]
  Rendered requests/index.html.erb within layouts/application (8.3ms)
Completed 500 Internal Server Error in 35ms (ActiveRecord: 4.5ms)

ActionView::Template::Error (No route matches {:action=>"edit", :controller=>"requests", :id=>"1", :patient_id=>nil} missing required keys: [:patient_id]):
     7: <tr>
     8: <td><%= request.details %></td>
     9: <td><%= link_to 'Show', patient_request_path(@patient, request) %></td>
    10: <td><%= link_to 'Edit', edit_patient_request_path(@movie, request) %></td>
    11: <td><%= link_to 'Destroy', patient_request_path(@patient, request), :confirm => 'Are you sure?', :method => :delete %></td>
    12: </tr>
    13: <% end %>
  app/views/requests/index.html.erb:10:in `block in _app_views_requests_index_html_erb__2946530164261200069_69985057504340'
  app/views/requests/index.html.erb:6:in `_app_views_requests_index_html_erb__2946530164261200069_69985057504340'


  Rendered /usr/lib/ruby/vendor_ruby/action_dispatch/middleware/templates/rescues/_source.erb (9.5ms)
  Rendered /usr/lib/ruby/vendor_ruby/action_dispatch/middleware/templates/rescues/_trace.html.erb (3.4ms)
  Rendered /usr/lib/ruby/vendor_ruby/action_dispatch/middleware/templates/rescues/_request_and_response.html.erb (0.9ms)
  Rendered /usr/lib/ruby/vendor_ruby/action_dispatch/middleware/templates/rescues/template_error.html.erb within rescues/layout (50.2ms)
  Rendered /usr/lib/ruby/vendor_ruby/web_console/templates/_markup.html.erb (0.4ms)
  Rendered /usr/lib/ruby/vendor_ruby/web_console/templates/_inner_console_markup.html.erb within layouts/inlined_string (0.4ms)
  Rendered /usr/lib/ruby/vendor_ruby/web_console/templates/_prompt_box_markup.html.erb within layouts/inlined_string (0.3ms)
  Rendered /usr/lib/ruby/vendor_ruby/web_console/templates/style.css.erb within layouts/inlined_string (0.3ms)
  Rendered /usr/lib/ruby/vendor_ruby/web_console/templates/console.js.erb within layouts/javascript (29.8ms)
  Rendered /usr/lib/ruby/vendor_ruby/web_console/templates/main.js.erb within layouts/javascript (0.2ms)
  Rendered /usr/lib/ruby/vendor_ruby/web_console/templates/error_page.js.erb within layouts/javascript (0.5ms)
  Rendered /usr/lib/ruby/vendor_ruby/web_console/templates/index.html.erb (68.9ms)


Started GET "/patients/1" for 127.0.0.1 at 2017-04-08 10:58:39 +0100
Processing by PatientsController#show as HTML
  Parameters: {"id"=>"1"}
  [1m[35mPatient Load (0.9ms)[0m  SELECT  "patients".* FROM "patients" WHERE "patients"."id" = ? LIMIT 1  [["id", 1]]
  [1m[36mRequest Load (0.1ms)[0m  [1mSELECT "requests".* FROM "requests" WHERE "requests"."patient_id" = ?[0m  [["patient_id", 1]]
  Rendered patients/show.html.erb within layouts/application (4.3ms)
Completed 200 OK in 60ms (Views: 58.1ms | ActiveRecord: 1.0ms)


Started GET "/patients/1/requests" for 127.0.0.1 at 2017-04-08 10:58:47 +0100
Processing by RequestsController#index as HTML
  Parameters: {"patient_id"=>"1"}
  [1m[35mPatient Load (0.1ms)[0m  SELECT  "patients".* FROM "patients" WHERE "patients"."id" = ? LIMIT 1  [["id", 1]]
  [1m[36mRequest Load (0.1ms)[0m  [1mSELECT "requests".* FROM "requests" WHERE "requests"."patient_id" = ?[0m  [["patient_id", 1]]
  Rendered requests/index.html.erb within layouts/application (5.2ms)
Completed 500 Internal Server Error in 16ms (ActiveRecord: 0.1ms)

ActionView::Template::Error (No route matches {:action=>"edit", :controller=>"requests", :id=>"1", :patient_id=>nil} missing required keys: [:patient_id]):
     7: <tr>
     8: <td><%= request.details %></td>
     9: <td><%= link_to 'Show', patient_request_path(@patient, request) %></td>
    10: <td><%= link_to 'Edit', edit_patient_request_path(@movie, request) %></td>
    11: <td><%= link_to 'Destroy', patient_request_path(@patient, request), :confirm => 'Are you sure?', :method => :delete %></td>
    12: </tr>
    13: <% end %>
  app/views/requests/index.html.erb:10:in `block in _app_views_requests_index_html_erb__2946530164261200069_69985073391240'
  app/views/requests/index.html.erb:6:in `_app_views_requests_index_html_erb__2946530164261200069_69985073391240'


  Rendered /usr/lib/ruby/vendor_ruby/action_dispatch/middleware/templates/rescues/_source.erb (4.8ms)
  Rendered /usr/lib/ruby/vendor_ruby/action_dispatch/middleware/templates/rescues/_trace.html.erb (2.2ms)
  Rendered /usr/lib/ruby/vendor_ruby/action_dispatch/middleware/templates/rescues/_request_and_response.html.erb (0.8ms)
  Rendered /usr/lib/ruby/vendor_ruby/action_dispatch/middleware/templates/rescues/template_error.html.erb within rescues/layout (17.4ms)
  Rendered /usr/lib/ruby/vendor_ruby/web_console/templates/_markup.html.erb (0.3ms)
  Rendered /usr/lib/ruby/vendor_ruby/web_console/templates/_inner_console_markup.html.erb within layouts/inlined_string (0.4ms)
  Rendered /usr/lib/ruby/vendor_ruby/web_console/templates/_prompt_box_markup.html.erb within layouts/inlined_string (0.3ms)
  Rendered /usr/lib/ruby/vendor_ruby/web_console/templates/style.css.erb within layouts/inlined_string (0.3ms)
  Rendered /usr/lib/ruby/vendor_ruby/web_console/templates/console.js.erb within layouts/javascript (32.1ms)
  Rendered /usr/lib/ruby/vendor_ruby/web_console/templates/main.js.erb within layouts/javascript (0.3ms)
  Rendered /usr/lib/ruby/vendor_ruby/web_console/templates/error_page.js.erb within layouts/javascript (0.4ms)
  Rendered /usr/lib/ruby/vendor_ruby/web_console/templates/index.html.erb (68.4ms)


Started GET "/patients/1/requests" for 127.0.0.1 at 2017-04-08 10:58:47 +0100
Processing by RequestsController#index as HTML
  Parameters: {"patient_id"=>"1"}
  [1m[35mPatient Load (0.1ms)[0m  SELECT  "patients".* FROM "patients" WHERE "patients"."id" = ? LIMIT 1  [["id", 1]]
  [1m[36mRequest Load (0.1ms)[0m  [1mSELECT "requests".* FROM "requests" WHERE "requests"."patient_id" = ?[0m  [["patient_id", 1]]
  Rendered requests/index.html.erb within layouts/application (10.7ms)
Completed 500 Internal Server Error in 16ms (ActiveRecord: 0.2ms)

ActionView::Template::Error (No route matches {:action=>"edit", :controller=>"requests", :id=>"1", :patient_id=>nil} missing required keys: [:patient_id]):
     7: <tr>
     8: <td><%= request.details %></td>
     9: <td><%= link_to 'Show', patient_request_path(@patient, request) %></td>
    10: <td><%= link_to 'Edit', edit_patient_request_path(@movie, request) %></td>
    11: <td><%= link_to 'Destroy', patient_request_path(@patient, request), :confirm => 'Are you sure?', :method => :delete %></td>
    12: </tr>
    13: <% end %>
  app/views/requests/index.html.erb:10:in `block in _app_views_requests_index_html_erb__2946530164261200069_69985057504340'
  app/views/requests/index.html.erb:6:in `_app_views_requests_index_html_erb__2946530164261200069_69985057504340'


  Rendered /usr/lib/ruby/vendor_ruby/action_dispatch/middleware/templates/rescues/_source.erb (17.6ms)
  Rendered /usr/lib/ruby/vendor_ruby/action_dispatch/middleware/templates/rescues/_trace.html.erb (10.6ms)
  Rendered /usr/lib/ruby/vendor_ruby/action_dispatch/middleware/templates/rescues/_request_and_response.html.erb (0.9ms)
  Rendered /usr/lib/ruby/vendor_ruby/action_dispatch/middleware/templates/rescues/template_error.html.erb within rescues/layout (54.5ms)
  Rendered /usr/lib/ruby/vendor_ruby/web_console/templates/_markup.html.erb (0.6ms)
  Rendered /usr/lib/ruby/vendor_ruby/web_console/templates/_inner_console_markup.html.erb within layouts/inlined_string (1.5ms)
  Rendered /usr/lib/ruby/vendor_ruby/web_console/templates/_prompt_box_markup.html.erb within layouts/inlined_string (0.3ms)
  Rendered /usr/lib/ruby/vendor_ruby/web_console/templates/style.css.erb within layouts/inlined_string (3.3ms)
  Rendered /usr/lib/ruby/vendor_ruby/web_console/templates/console.js.erb within layouts/javascript (50.9ms)
  Rendered /usr/lib/ruby/vendor_ruby/web_console/templates/main.js.erb within layouts/javascript (0.5ms)
  Rendered /usr/lib/ruby/vendor_ruby/web_console/templates/error_page.js.erb within layouts/javascript (0.5ms)
  Rendered /usr/lib/ruby/vendor_ruby/web_console/templates/index.html.erb (90.7ms)


Started GET "/patients" for 127.0.0.1 at 2017-04-08 11:01:16 +0100
Processing by PatientsController#index as HTML
  [1m[35mPatient Load (0.2ms)[0m  SELECT "patients".* FROM "patients"
  Rendered patients/index.html.erb within layouts/application (3.3ms)
Completed 200 OK in 88ms (Views: 87.2ms | ActiveRecord: 0.2ms)


Started GET "/patients/1" for 127.0.0.1 at 2017-04-08 11:01:19 +0100
Processing by PatientsController#show as HTML
  Parameters: {"id"=>"1"}
  [1m[36mPatient Load (0.1ms)[0m  [1mSELECT  "patients".* FROM "patients" WHERE "patients"."id" = ? LIMIT 1[0m  [["id", 1]]
  [1m[35mRequest Load (0.1ms)[0m  SELECT "requests".* FROM "requests" WHERE "requests"."patient_id" = ?  [["patient_id", 1]]
  Rendered patients/show.html.erb within layouts/application (1.3ms)
Completed 200 OK in 60ms (Views: 59.4ms | ActiveRecord: 0.1ms)


Started GET "/patients/1/requests" for 127.0.0.1 at 2017-04-08 11:01:21 +0100
Processing by RequestsController#index as HTML
  Parameters: {"patient_id"=>"1"}
  [1m[36mPatient Load (0.1ms)[0m  [1mSELECT  "patients".* FROM "patients" WHERE "patients"."id" = ? LIMIT 1[0m  [["id", 1]]
  [1m[35mRequest Load (0.1ms)[0m  SELECT "requests".* FROM "requests" WHERE "requests"."patient_id" = ?  [["patient_id", 1]]
  Rendered requests/index.html.erb within layouts/application (5.9ms)
Completed 200 OK in 73ms (Views: 71.6ms | ActiveRecord: 0.1ms)


Started GET "/patients/1/requests/new" for 127.0.0.1 at 2017-04-08 11:01:24 +0100
Processing by RequestsController#new as HTML
  Parameters: {"patient_id"=>"1"}
  [1m[36mPatient Load (0.1ms)[0m  [1mSELECT  "patients".* FROM "patients" WHERE "patients"."id" = ? LIMIT 1[0m  [["id", 1]]
  Rendered requests/_form.html.erb (1.0ms)
  Rendered requests/new.html.erb within layouts/application (3.9ms)
Completed 200 OK in 63ms (Views: 58.5ms | ActiveRecord: 0.1ms)


Started POST "/patients/1/requests" for 127.0.0.1 at 2017-04-08 11:01:31 +0100
Processing by RequestsController#create as HTML
  Parameters: {"utf8"=>"✓", "authenticity_token"=>"EMbsGGsM5XRGdZOz7AR90yjmqF5MVcwHkCDOiEgCBuKbQ/DhcklRI2LAU0f7jjl4yEqrPbwIBaZx7YDadgxbBA==", "request"=>{"details"=>"Needs CAT scan"}, "commit"=>"Create Request", "patient_id"=>"1"}
  [1m[35mPatient Load (0.1ms)[0m  SELECT  "patients".* FROM "patients" WHERE "patients"."id" = ? LIMIT 1  [["id", 1]]
  [1m[36m (0.3ms)[0m  [1mbegin transaction[0m
  [1m[35mSQL (1.3ms)[0m  INSERT INTO "requests" ("details", "patient_id", "created_at", "updated_at") VALUES (?, ?, ?, ?)  [["details", "Needs CAT scan"], ["patient_id", 1], ["created_at", "2017-04-08 10:01:31.817137"], ["updated_at", "2017-04-08 10:01:31.817137"]]
  [1m[36m (33.0ms)[0m  [1mcommit transaction[0m
Redirected to http://0.0.0.0:3000/patients/1/requests/2
Completed 302 Found in 41ms (ActiveRecord: 34.7ms)


Started GET "/patients/1/requests/2" for 127.0.0.1 at 2017-04-08 11:01:31 +0100
Processing by RequestsController#show as HTML
  Parameters: {"patient_id"=>"1", "id"=>"2"}
  [1m[35mPatient Load (0.1ms)[0m  SELECT  "patients".* FROM "patients" WHERE "patients"."id" = ? LIMIT 1  [["id", 1]]
  [1m[36mRequest Load (0.1ms)[0m  [1mSELECT  "requests".* FROM "requests" WHERE "requests"."patient_id" = ? AND "requests"."id" = ? LIMIT 1[0m  [["patient_id", 1], ["id", 2]]
  Rendered requests/show.html.erb within layouts/application (0.5ms)
Completed 200 OK in 83ms (Views: 79.1ms | ActiveRecord: 0.2ms)


Started GET "/patients/1/requests" for 127.0.0.1 at 2017-04-08 11:01:34 +0100
Processing by RequestsController#index as HTML
  Parameters: {"patient_id"=>"1"}
  [1m[35mPatient Load (0.1ms)[0m  SELECT  "patients".* FROM "patients" WHERE "patients"."id" = ? LIMIT 1  [["id", 1]]
  [1m[36mRequest Load (0.1ms)[0m  [1mSELECT "requests".* FROM "requests" WHERE "requests"."patient_id" = ?[0m  [["patient_id", 1]]
  Rendered requests/index.html.erb within layouts/application (2.6ms)
Completed 200 OK in 70ms (Views: 67.7ms | ActiveRecord: 0.2ms)


Started GET "/patients/1/requests/2/edit" for 127.0.0.1 at 2017-04-08 11:01:38 +0100
Processing by RequestsController#edit as HTML
  Parameters: {"patient_id"=>"1", "id"=>"2"}
  [1m[35mPatient Load (0.1ms)[0m  SELECT  "patients".* FROM "patients" WHERE "patients"."id" = ? LIMIT 1  [["id", 1]]
  [1m[36mRequest Load (0.1ms)[0m  [1mSELECT  "requests".* FROM "requests" WHERE "requests"."patient_id" = ? AND "requests"."id" = ? LIMIT 1[0m  [["patient_id", 1], ["id", 2]]
  Rendered requests/_form.html.erb (1.1ms)
  Rendered requests/edit.html.erb within layouts/application (2.3ms)
Completed 200 OK in 76ms (Views: 73.8ms | ActiveRecord: 0.1ms)


Started GET "/patients/1/requests" for 127.0.0.1 at 2017-04-08 11:01:40 +0100
Processing by RequestsController#index as HTML
  Parameters: {"patient_id"=>"1"}
  [1m[35mPatient Load (0.1ms)[0m  SELECT  "patients".* FROM "patients" WHERE "patients"."id" = ? LIMIT 1  [["id", 1]]
  [1m[36mRequest Load (0.1ms)[0m  [1mSELECT "requests".* FROM "requests" WHERE "requests"."patient_id" = ?[0m  [["patient_id", 1]]
  Rendered requests/index.html.erb within layouts/application (6.3ms)
Completed 200 OK in 59ms (Views: 57.8ms | ActiveRecord: 0.1ms)


Started GET "/patients/1" for 127.0.0.1 at 2017-04-08 11:01:41 +0100
Processing by PatientsController#show as HTML
  Parameters: {"id"=>"1"}
  [1m[35mPatient Load (0.1ms)[0m  SELECT  "patients".* FROM "patients" WHERE "patients"."id" = ? LIMIT 1  [["id", 1]]
  [1m[36mRequest Load (0.1ms)[0m  [1mSELECT "requests".* FROM "requests" WHERE "requests"."patient_id" = ?[0m  [["patient_id", 1]]
  Rendered patients/show.html.erb within layouts/application (2.8ms)
Completed 200 OK in 67ms (Views: 64.6ms | ActiveRecord: 0.1ms)


Started GET "/patients" for 127.0.0.1 at 2017-04-08 11:01:44 +0100
Processing by PatientsController#index as HTML
  [1m[35mPatient Load (0.2ms)[0m  SELECT "patients".* FROM "patients"
  Rendered patients/index.html.erb within layouts/application (8.0ms)
Completed 200 OK in 62ms (Views: 61.2ms | ActiveRecord: 0.2ms)


Started GET "/patients/1/edit" for 127.0.0.1 at 2017-04-08 11:02:26 +0100
Processing by PatientsController#edit as HTML
  Parameters: {"id"=>"1"}
  [1m[36mPatient Load (0.1ms)[0m  [1mSELECT  "patients".* FROM "patients" WHERE "patients"."id" = ? LIMIT 1[0m  [["id", 1]]
  Rendered patients/_form.html.erb (16.8ms)
  Rendered patients/edit.html.erb within layouts/application (19.2ms)
Completed 200 OK in 96ms (Views: 92.3ms | ActiveRecord: 0.1ms)


Started GET "/patients" for 127.0.0.1 at 2017-04-08 11:02:37 +0100
Processing by PatientsController#index as HTML
  [1m[35mPatient Load (0.2ms)[0m  SELECT "patients".* FROM "patients"
  Rendered patients/index.html.erb within layouts/application (6.4ms)
Completed 200 OK in 117ms (Views: 115.9ms | ActiveRecord: 0.2ms)


Started GET "/patients/1/edit" for 127.0.0.1 at 2017-04-08 11:02:39 +0100
Processing by PatientsController#edit as HTML
  Parameters: {"id"=>"1"}
  [1m[36mPatient Load (0.1ms)[0m  [1mSELECT  "patients".* FROM "patients" WHERE "patients"."id" = ? LIMIT 1[0m  [["id", 1]]
  Rendered patients/_form.html.erb (7.5ms)
  Rendered patients/edit.html.erb within layouts/application (8.4ms)
Completed 200 OK in 87ms (Views: 84.9ms | ActiveRecord: 0.1ms)


Started PATCH "/patients/1" for 127.0.0.1 at 2017-04-08 11:02:43 +0100
Processing by PatientsController#update as HTML
  Parameters: {"utf8"=>"✓", "authenticity_token"=>"i4I1Urr49nPTjdRLJNwImLwCNgdQKFDQQipyyGwsqfEABymro71CJPc4FL8zVkwzXK41ZKB1mXGj5zyaUiL0Fw==", "patient"=>{"name"=>"David Byrne", "dob"=>"08/02/1988", "address"=>"26 TheLads Avenue", "phoneno"=>"0861234567", "injury"=>"Wrecked Head"}, "commit"=>"Update Patient", "id"=>"1"}
  [1m[35mPatient Load (0.1ms)[0m  SELECT  "patients".* FROM "patients" WHERE "patients"."id" = ? LIMIT 1  [["id", 1]]
  [1m[36m (0.1ms)[0m  [1mbegin transaction[0m
  [1m[35mSQL (0.3ms)[0m  UPDATE "patients" SET "name" = ?, "updated_at" = ? WHERE "patients"."id" = ?  [["name", "David Byrne"], ["updated_at", "2017-04-08 10:02:43.861735"], ["id", 1]]
  [1m[36m (32.5ms)[0m  [1mcommit transaction[0m
Redirected to http://0.0.0.0:3000/patients/1
Completed 302 Found in 42ms (ActiveRecord: 32.9ms)


Started GET "/patients/1" for 127.0.0.1 at 2017-04-08 11:02:43 +0100
Processing by PatientsController#show as HTML
  Parameters: {"id"=>"1"}
  [1m[35mPatient Load (0.1ms)[0m  SELECT  "patients".* FROM "patients" WHERE "patients"."id" = ? LIMIT 1  [["id", 1]]
  [1m[36mRequest Load (0.1ms)[0m  [1mSELECT "requests".* FROM "requests" WHERE "requests"."patient_id" = ?[0m  [["patient_id", 1]]
  Rendered patients/show.html.erb within layouts/application (10.1ms)
Completed 200 OK in 67ms (Views: 59.0ms | ActiveRecord: 0.2ms)


Started GET "/patients" for 127.0.0.1 at 2017-04-08 11:02:48 +0100
Processing by PatientsController#index as HTML
  [1m[35mPatient Load (0.1ms)[0m  SELECT "patients".* FROM "patients"
  Rendered patients/index.html.erb within layouts/application (1.3ms)
Completed 200 OK in 55ms (Views: 54.6ms | ActiveRecord: 0.1ms)


Started GET "/patients" for 127.0.0.1 at 2017-04-08 11:27:36 +0100
  [1m[36mActiveRecord::SchemaMigration Load (0.1ms)[0m  [1mSELECT "schema_migrations".* FROM "schema_migrations"[0m
Processing by PatientsController#index as HTML
  [1m[35mPatient Load (0.2ms)[0m  SELECT "patients".* FROM "patients"  ORDER BY created_at DESC
  Rendered patients/index.html.erb within layouts/application (26.8ms)
Completed 200 OK in 823ms (Views: 706.8ms | ActiveRecord: 0.6ms)


Started GET "/patients/1" for 127.0.0.1 at 2017-04-08 11:27:48 +0100
Processing by PatientsController#show as HTML
  Parameters: {"id"=>"1"}
  [1m[36mPatient Load (0.3ms)[0m  [1mSELECT  "patients".* FROM "patients" WHERE "patients"."id" = ? LIMIT 1[0m  [["id", 1]]
  [1m[35mRequest Load (0.1ms)[0m  SELECT "requests".* FROM "requests" WHERE "requests"."patient_id" = ?  [["patient_id", 1]]
  Rendered patients/show.html.erb within layouts/application (81.0ms)
Completed 200 OK in 427ms (Views: 216.9ms | ActiveRecord: 0.7ms)


Started GET "/patients/new" for 127.0.0.1 at 2017-04-08 11:28:06 +0100
Processing by PatientsController#new as HTML
  Rendered patients/_form.html.erb (91.1ms)
  Rendered patients/new.html.erb within layouts/application (126.4ms)
Completed 200 OK in 244ms (Views: 242.9ms | ActiveRecord: 0.0ms)


Started GET "/patients" for 127.0.0.1 at 2017-04-08 11:29:15 +0100
  [1m[36mActiveRecord::SchemaMigration Load (0.1ms)[0m  [1mSELECT "schema_migrations".* FROM "schema_migrations"[0m
Processing by PatientsController#index as HTML
  [1m[35mPatient Load (0.2ms)[0m  SELECT "patients".* FROM "patients"  ORDER BY created_at DESC
  Rendered patients/index.html.erb within layouts/application (16.4ms)
Completed 200 OK in 381ms (Views: 357.2ms | ActiveRecord: 0.8ms)


Started GET "/patients" for 127.0.0.1 at 2017-04-08 11:30:08 +0100
  [1m[36mActiveRecord::SchemaMigration Load (0.1ms)[0m  [1mSELECT "schema_migrations".* FROM "schema_migrations"[0m
Processing by PatientsController#index as HTML
  [1m[35mPatient Load (0.2ms)[0m  SELECT "patients".* FROM "patients"  ORDER BY created_at DESC
  Rendered patients/index.html.erb within layouts/application (21.4ms)
Completed 200 OK in 395ms (Views: 366.9ms | ActiveRecord: 0.5ms)


Started GET "/patients/new" for 127.0.0.1 at 2017-04-08 11:30:12 +0100
Processing by PatientsController#new as HTML
  Rendered patients/_form.html.erb (31.2ms)
  Rendered patients/new.html.erb within layouts/application (36.7ms)
Completed 200 OK in 119ms (Views: 118.1ms | ActiveRecord: 0.0ms)


Started POST "/patients" for 127.0.0.1 at 2017-04-08 11:30:22 +0100
Processing by PatientsController#create as HTML
  Parameters: {"utf8"=>"✓", "authenticity_token"=>"1viBzs3QsrYTZyQ2TU0YdKOyG1JckEYuHl6sDsF8YIfk22gD/y/5TFpBvwQaKp96A0QPJFa9c6RZsbELqsWNGA==", "patient"=>{"name"=>"Conor Prunty", "dob"=>"06/01/1987", "address"=>"123 The Hill", "phoneno"=>"0861234567", "injury"=>"No sleep"}, "commit"=>"Create Patient"}
  [1m[36m (0.1ms)[0m  [1mbegin transaction[0m
  [1m[35mSQL (0.3ms)[0m  INSERT INTO "patients" ("name", "dob", "address", "phoneno", "injury", "created_at", "updated_at") VALUES (?, ?, ?, ?, ?, ?, ?)  [["name", "Conor Prunty"], ["dob", "06/01/1987"], ["address", "123 The Hill"], ["phoneno", "0861234567"], ["injury", "No sleep"], ["created_at", "2017-04-08 10:30:22.750692"], ["updated_at", "2017-04-08 10:30:22.750692"]]
  [1m[36m (41.2ms)[0m  [1mcommit transaction[0m
Redirected to http://0.0.0.0:3000/patients/2
Completed 302 Found in 55ms (ActiveRecord: 41.6ms)


Started GET "/patients/2" for 127.0.0.1 at 2017-04-08 11:30:22 +0100
Processing by PatientsController#show as HTML
  Parameters: {"id"=>"2"}
  [1m[35mPatient Load (0.2ms)[0m  SELECT  "patients".* FROM "patients" WHERE "patients"."id" = ? LIMIT 1  [["id", 2]]
  [1m[36mRequest Load (0.2ms)[0m  [1mSELECT "requests".* FROM "requests" WHERE "requests"."patient_id" = ?[0m  [["patient_id", 2]]
  Rendered patients/show.html.erb within layouts/application (60.4ms)
Completed 200 OK in 215ms (Views: 198.3ms | ActiveRecord: 0.5ms)


Started GET "/patients" for 127.0.0.1 at 2017-04-08 11:30:25 +0100
Processing by PatientsController#index as HTML
  [1m[35mPatient Load (0.2ms)[0m  SELECT "patients".* FROM "patients"  ORDER BY created_at DESC
  Rendered patients/index.html.erb within layouts/application (11.0ms)
Completed 200 OK in 95ms (Views: 92.4ms | ActiveRecord: 0.2ms)


Started GET "/patients?utf8=%E2%9C%93&search=conor&commit=Search" for 127.0.0.1 at 2017-04-08 11:30:29 +0100
Processing by PatientsController#index as HTML
  Parameters: {"utf8"=>"✓", "search"=>"conor", "commit"=>"Search"}
  [1m[36mPatient Load (0.1ms)[0m  [1mSELECT "patients".* FROM "patients" WHERE (name = 'conor')  ORDER BY created_at ASC[0m
  Rendered patients/index.html.erb within layouts/application (4.4ms)
Completed 200 OK in 57ms (Views: 56.2ms | ActiveRecord: 0.1ms)


Started GET "/patients?utf8=%E2%9C%93&search=Conor+Prunty&commit=Search" for 127.0.0.1 at 2017-04-08 11:30:40 +0100
Processing by PatientsController#index as HTML
  Parameters: {"utf8"=>"✓", "search"=>"Conor Prunty", "commit"=>"Search"}
  [1m[35mPatient Load (0.1ms)[0m  SELECT "patients".* FROM "patients" WHERE (name = 'Conor Prunty')  ORDER BY created_at ASC
  Rendered patients/index.html.erb within layouts/application (2.9ms)
Completed 200 OK in 62ms (Views: 60.9ms | ActiveRecord: 0.1ms)


Started GET "/patients" for 127.0.0.1 at 2017-04-08 11:30:56 +0100
Processing by PatientsController#index as HTML
  [1m[36mPatient Load (0.1ms)[0m  [1mSELECT "patients".* FROM "patients"  ORDER BY created_at DESC[0m
  Rendered patients/index.html.erb within layouts/application (7.2ms)
Completed 200 OK in 57ms (Views: 56.8ms | ActiveRecord: 0.1ms)


Started GET "/patients" for 127.0.0.1 at 2017-04-08 11:32:01 +0100
  [1m[36mActiveRecord::SchemaMigration Load (0.1ms)[0m  [1mSELECT "schema_migrations".* FROM "schema_migrations"[0m
Processing by PatientsController#index as HTML
  Rendered patients/index.html.erb within layouts/application (1.2ms)
Completed 500 Internal Server Error in 52ms (ActiveRecord: 0.0ms)

SyntaxError (/home/david/project1/SHC-PMS/app/views/patients/index.html.erb:4: syntax error, unexpected ':', expecting ')'
..._tag :search, params[:search] :placeholder => "Search Patien...
...                               ^):
  app/views/patients/index.html.erb:4: syntax error, unexpected ':', expecting ')'


  Rendered /usr/lib/ruby/vendor_ruby/action_dispatch/middleware/templates/rescues/_source.erb (18.7ms)
  Rendered /usr/lib/ruby/vendor_ruby/action_dispatch/middleware/templates/rescues/_trace.html.erb (2.4ms)
  Rendered /usr/lib/ruby/vendor_ruby/action_dispatch/middleware/templates/rescues/_request_and_response.html.erb (0.9ms)
  Rendered /usr/lib/ruby/vendor_ruby/action_dispatch/middleware/templates/rescues/diagnostics.html.erb within rescues/layout (44.5ms)
  Rendered /usr/lib/ruby/vendor_ruby/web_console/templates/_markup.html.erb (0.4ms)
  Rendered /usr/lib/ruby/vendor_ruby/web_console/templates/_inner_console_markup.html.erb within layouts/inlined_string (0.4ms)
  Rendered /usr/lib/ruby/vendor_ruby/web_console/templates/_prompt_box_markup.html.erb within layouts/inlined_string (0.3ms)
  Rendered /usr/lib/ruby/vendor_ruby/web_console/templates/style.css.erb within layouts/inlined_string (0.4ms)
  Rendered /usr/lib/ruby/vendor_ruby/web_console/templates/console.js.erb within layouts/javascript (24.6ms)
  Rendered /usr/lib/ruby/vendor_ruby/web_console/templates/main.js.erb within layouts/javascript (0.4ms)
  Rendered /usr/lib/ruby/vendor_ruby/web_console/templates/error_page.js.erb within layouts/javascript (0.5ms)
  Rendered /usr/lib/ruby/vendor_ruby/web_console/templates/index.html.erb (72.0ms)


Started GET "/patients" for 127.0.0.1 at 2017-04-08 11:32:41 +0100
  [1m[36mActiveRecord::SchemaMigration Load (0.1ms)[0m  [1mSELECT "schema_migrations".* FROM "schema_migrations"[0m
Processing by PatientsController#index as HTML
  [1m[35mPatient Load (0.2ms)[0m  SELECT "patients".* FROM "patients"  ORDER BY created_at DESC
  Rendered patients/index.html.erb within layouts/application (20.3ms)
Completed 200 OK in 385ms (Views: 356.1ms | ActiveRecord: 0.5ms)


Started GET "/patients?utf8=%E2%9C%93&search=conor&commit=Search" for 127.0.0.1 at 2017-04-08 11:32:45 +0100
Processing by PatientsController#index as HTML
  Parameters: {"utf8"=>"✓", "search"=>"conor", "commit"=>"Search"}
  [1m[36mPatient Load (0.2ms)[0m  [1mSELECT "patients".* FROM "patients" WHERE (name = 'conor')  ORDER BY created_at ASC[0m
  Rendered patients/index.html.erb within layouts/application (4.6ms)
Completed 200 OK in 53ms (Views: 51.7ms | ActiveRecord: 0.2ms)


Started GET "/patients?utf8=%E2%9C%93&search=conor+prunty&commit=Search" for 127.0.0.1 at 2017-04-08 11:32:50 +0100
Processing by PatientsController#index as HTML
  Parameters: {"utf8"=>"✓", "search"=>"conor prunty", "commit"=>"Search"}
  [1m[35mPatient Load (0.1ms)[0m  SELECT "patients".* FROM "patients" WHERE (name = 'conor prunty')  ORDER BY created_at ASC
  Rendered patients/index.html.erb within layouts/application (0.8ms)
Completed 200 OK in 47ms (Views: 46.3ms | ActiveRecord: 0.1ms)


Started GET "/patients?utf8=%E2%9C%93&search=Conor+Prunty&commit=Search" for 127.0.0.1 at 2017-04-08 11:32:58 +0100
Processing by PatientsController#index as HTML
  Parameters: {"utf8"=>"✓", "search"=>"Conor Prunty", "commit"=>"Search"}
  [1m[36mPatient Load (0.2ms)[0m  [1mSELECT "patients".* FROM "patients" WHERE (name = 'Conor Prunty')  ORDER BY created_at ASC[0m
  Rendered patients/index.html.erb within layouts/application (2.7ms)
Completed 200 OK in 55ms (Views: 54.6ms | ActiveRecord: 0.2ms)


Started GET "/patients" for 127.0.0.1 at 2017-04-08 11:52:35 +0100
  [1m[36mActiveRecord::SchemaMigration Load (0.3ms)[0m  [1mSELECT "schema_migrations".* FROM "schema_migrations"[0m

SyntaxError (/home/david/project1/SHC-PMS/app/controllers/patients_controller.rb:22: `@' without identifiers is not allowed as an instance variable name
/home/david/project1/SHC-PMS/app/controllers/patients_controller.rb:22: syntax error, unexpected end-of-input, expecting ':'
...tion]) ?  params[:dierction] @ "asc"
...                               ^):
  app/controllers/patients_controller.rb:22: `@' without identifiers is not allowed as an instance variable name
  app/controllers/patients_controller.rb:22: syntax error, unexpected end-of-input, expecting ':'


  Rendered /usr/lib/ruby/vendor_ruby/action_dispatch/middleware/templates/rescues/_source.erb (3.3ms)
  Rendered /usr/lib/ruby/vendor_ruby/action_dispatch/middleware/templates/rescues/_trace.html.erb (7.8ms)
  Rendered /usr/lib/ruby/vendor_ruby/action_dispatch/middleware/templates/rescues/_request_and_response.html.erb (20.6ms)
  Rendered /usr/lib/ruby/vendor_ruby/action_dispatch/middleware/templates/rescues/diagnostics.html.erb within rescues/layout (68.7ms)
  Rendered /usr/lib/ruby/vendor_ruby/web_console/templates/_markup.html.erb (0.4ms)
  Rendered /usr/lib/ruby/vendor_ruby/web_console/templates/_inner_console_markup.html.erb within layouts/inlined_string (0.3ms)
  Rendered /usr/lib/ruby/vendor_ruby/web_console/templates/_prompt_box_markup.html.erb within layouts/inlined_string (0.4ms)
  Rendered /usr/lib/ruby/vendor_ruby/web_console/templates/style.css.erb within layouts/inlined_string (4.0ms)
  Rendered /usr/lib/ruby/vendor_ruby/web_console/templates/console.js.erb within layouts/javascript (31.7ms)
  Rendered /usr/lib/ruby/vendor_ruby/web_console/templates/main.js.erb within layouts/javascript (0.3ms)
  Rendered /usr/lib/ruby/vendor_ruby/web_console/templates/error_page.js.erb within layouts/javascript (0.4ms)
  Rendered /usr/lib/ruby/vendor_ruby/web_console/templates/index.html.erb (74.3ms)


Started GET "/patients" for 127.0.0.1 at 2017-04-08 11:53:20 +0100

SyntaxError (/home/david/project1/SHC-PMS/app/controllers/patients_controller.rb:22: `@' without identifiers is not allowed as an instance variable name
/home/david/project1/SHC-PMS/app/controllers/patients_controller.rb:22: syntax error, unexpected end-of-input, expecting ':'
...tion]) ?  params[:direction] @ "asc"
...                               ^):
  app/controllers/patients_controller.rb:22: `@' without identifiers is not allowed as an instance variable name
  app/controllers/patients_controller.rb:22: syntax error, unexpected end-of-input, expecting ':'


  Rendered /usr/lib/ruby/vendor_ruby/action_dispatch/middleware/templates/rescues/_source.erb (8.1ms)
  Rendered /usr/lib/ruby/vendor_ruby/action_dispatch/middleware/templates/rescues/_trace.html.erb (1.9ms)
  Rendered /usr/lib/ruby/vendor_ruby/action_dispatch/middleware/templates/rescues/_request_and_response.html.erb (1.1ms)
  Rendered /usr/lib/ruby/vendor_ruby/action_dispatch/middleware/templates/rescues/diagnostics.html.erb within rescues/layout (36.8ms)
  Rendered /usr/lib/ruby/vendor_ruby/web_console/templates/_markup.html.erb (6.2ms)
  Rendered /usr/lib/ruby/vendor_ruby/web_console/templates/_inner_console_markup.html.erb within layouts/inlined_string (0.3ms)
  Rendered /usr/lib/ruby/vendor_ruby/web_console/templates/_prompt_box_markup.html.erb within layouts/inlined_string (0.3ms)
  Rendered /usr/lib/ruby/vendor_ruby/web_console/templates/style.css.erb within layouts/inlined_string (0.4ms)
  Rendered /usr/lib/ruby/vendor_ruby/web_console/templates/console.js.erb within layouts/javascript (28.9ms)
  Rendered /usr/lib/ruby/vendor_ruby/web_console/templates/main.js.erb within layouts/javascript (0.3ms)
  Rendered /usr/lib/ruby/vendor_ruby/web_console/templates/error_page.js.erb within layouts/javascript (2.9ms)
  Rendered /usr/lib/ruby/vendor_ruby/web_console/templates/index.html.erb (58.2ms)


Started GET "/patients" for 127.0.0.1 at 2017-04-08 11:53:59 +0100

SyntaxError (/home/david/project1/SHC-PMS/app/helpers/application_helper.rb:6: syntax error, unexpected ',', expecting &. or :: or '[' or '.'
...lumn, :direction => direction}, {:class => css_class}
...                               ^):
  app/helpers/application_helper.rb:6: syntax error, unexpected ',', expecting &. or :: or '[' or '.'
  app/controllers/application_controller.rb:1:in `<top (required)>'
  app/controllers/patients_controller.rb:1:in `<top (required)>'


  Rendered /usr/lib/ruby/vendor_ruby/action_dispatch/middleware/templates/rescues/_source.erb (9.1ms)
  Rendered /usr/lib/ruby/vendor_ruby/action_dispatch/middleware/templates/rescues/_trace.html.erb (4.5ms)
  Rendered /usr/lib/ruby/vendor_ruby/action_dispatch/middleware/templates/rescues/_request_and_response.html.erb (5.2ms)
  Rendered /usr/lib/ruby/vendor_ruby/action_dispatch/middleware/templates/rescues/diagnostics.html.erb within rescues/layout (37.8ms)
  Rendered /usr/lib/ruby/vendor_ruby/web_console/templates/_markup.html.erb (0.3ms)
  Rendered /usr/lib/ruby/vendor_ruby/web_console/templates/_inner_console_markup.html.erb within layouts/inlined_string (0.3ms)
  Rendered /usr/lib/ruby/vendor_ruby/web_console/templates/_prompt_box_markup.html.erb within layouts/inlined_string (0.4ms)
  Rendered /usr/lib/ruby/vendor_ruby/web_console/templates/style.css.erb within layouts/inlined_string (0.2ms)
  Rendered /usr/lib/ruby/vendor_ruby/web_console/templates/console.js.erb within layouts/javascript (27.4ms)
  Rendered /usr/lib/ruby/vendor_ruby/web_console/templates/main.js.erb within layouts/javascript (0.3ms)
  Rendered /usr/lib/ruby/vendor_ruby/web_console/templates/error_page.js.erb within layouts/javascript (0.4ms)
  Rendered /usr/lib/ruby/vendor_ruby/web_console/templates/index.html.erb (82.3ms)


Started GET "/patients" for 127.0.0.1 at 2017-04-08 11:54:42 +0100
Processing by PatientsController#index as HTML
  Rendered patients/index.html.erb within layouts/application (8.3ms)
Completed 500 Internal Server Error in 60ms (ActiveRecord: 0.3ms)

ActionView::Template::Error (undefined method `titlesize' for "name":String
Did you mean?  titleize
               titlecase):
    10: <table>
    11:   <thead>
    12:     <tr>
    13:       <th><%= sortable "name" %></th>
    14:       <th>Dob</th>
    15:       <th>Address</th>
    16:       <th>Phoneno</th>
  app/helpers/application_helper.rb:3:in `sortable'
  app/views/patients/index.html.erb:13:in `_app_views_patients_index_html_erb__4175747092530904767_69976170849340'


  Rendered /usr/lib/ruby/vendor_ruby/action_dispatch/middleware/templates/rescues/_source.erb (16.0ms)
  Rendered /usr/lib/ruby/vendor_ruby/action_dispatch/middleware/templates/rescues/_trace.html.erb (7.0ms)
  Rendered /usr/lib/ruby/vendor_ruby/action_dispatch/middleware/templates/rescues/_request_and_response.html.erb (2.1ms)
  Rendered /usr/lib/ruby/vendor_ruby/action_dispatch/middleware/templates/rescues/template_error.html.erb within rescues/layout (53.9ms)
  Rendered /usr/lib/ruby/vendor_ruby/web_console/templates/_markup.html.erb (1.7ms)
  Rendered /usr/lib/ruby/vendor_ruby/web_console/templates/_inner_console_markup.html.erb within layouts/inlined_string (4.8ms)
  Rendered /usr/lib/ruby/vendor_ruby/web_console/templates/_prompt_box_markup.html.erb within layouts/inlined_string (0.4ms)
  Rendered /usr/lib/ruby/vendor_ruby/web_console/templates/style.css.erb within layouts/inlined_string (0.9ms)
  Rendered /usr/lib/ruby/vendor_ruby/web_console/templates/console.js.erb within layouts/javascript (46.6ms)
  Rendered /usr/lib/ruby/vendor_ruby/web_console/templates/main.js.erb within layouts/javascript (0.4ms)
  Rendered /usr/lib/ruby/vendor_ruby/web_console/templates/error_page.js.erb within layouts/javascript (0.5ms)
  Rendered /usr/lib/ruby/vendor_ruby/web_console/templates/index.html.erb (80.8ms)


Started GET "/patients" for 127.0.0.1 at 2017-04-08 11:55:34 +0100
Processing by PatientsController#index as HTML
  [1m[35mPatient Load (0.2ms)[0m  SELECT "patients".* FROM "patients"  ORDER BY name asc, created_at DESC
  Rendered patients/index.html.erb within layouts/application (71.2ms)
Completed 500 Internal Server Error in 91ms (ActiveRecord: 0.7ms)

ActionView::Template::Error (undefined local variable or method `sort_column' for #<#<Class:0x007f49309e3ce0>:0x007f49309dfca8>):
    10: <table>
    11:   <thead>
    12:     <tr>
    13:       <th><%= sortable "name" %></th>
    14:       <th>Dob</th>
    15:       <th>Address</th>
    16:       <th>Phoneno</th>
  app/helpers/application_helper.rb:6:in `sortable'
  app/views/patients/index.html.erb:13:in `_app_views_patients_index_html_erb__4175747092530904767_69976170849340'


  Rendered /usr/lib/ruby/vendor_ruby/action_dispatch/middleware/templates/rescues/_source.erb (9.9ms)
  Rendered /usr/lib/ruby/vendor_ruby/action_dispatch/middleware/templates/rescues/_trace.html.erb (6.1ms)
  Rendered /usr/lib/ruby/vendor_ruby/action_dispatch/middleware/templates/rescues/_request_and_response.html.erb (4.8ms)
  Rendered /usr/lib/ruby/vendor_ruby/action_dispatch/middleware/templates/rescues/template_error.html.erb within rescues/layout (42.8ms)
  Rendered /usr/lib/ruby/vendor_ruby/web_console/templates/_markup.html.erb (0.3ms)
  Rendered /usr/lib/ruby/vendor_ruby/web_console/templates/_inner_console_markup.html.erb within layouts/inlined_string (0.3ms)
  Rendered /usr/lib/ruby/vendor_ruby/web_console/templates/_prompt_box_markup.html.erb within layouts/inlined_string (0.3ms)
  Rendered /usr/lib/ruby/vendor_ruby/web_console/templates/style.css.erb within layouts/inlined_string (2.4ms)
  Rendered /usr/lib/ruby/vendor_ruby/web_console/templates/console.js.erb within layouts/javascript (31.7ms)
  Rendered /usr/lib/ruby/vendor_ruby/web_console/templates/main.js.erb within layouts/javascript (0.8ms)
  Rendered /usr/lib/ruby/vendor_ruby/web_console/templates/error_page.js.erb within layouts/javascript (0.4ms)
  Rendered /usr/lib/ruby/vendor_ruby/web_console/templates/index.html.erb (79.7ms)


Started GET "/patients" for 127.0.0.1 at 2017-04-08 11:55:55 +0100
Processing by PatientsController#index as HTML
  [1m[36mPatient Load (0.2ms)[0m  [1mSELECT "patients".* FROM "patients"  ORDER BY name asc, created_at DESC[0m
  Rendered patients/index.html.erb within layouts/application (70.1ms)
Completed 500 Internal Server Error in 89ms (ActiveRecord: 0.7ms)

ActionView::Template::Error (undefined local variable or method `sort_column' for #<#<Class:0x007f4930c75260>:0x007f4930c792e8>):
    10: <table>
    11:   <thead>
    12:     <tr>
    13:       <th><%= sortable "name" %></th>
    14:       <th>Dob</th>
    15:       <th>Address</th>
    16:       <th>Phoneno</th>
  app/helpers/application_helper.rb:6:in `sortable'
  app/views/patients/index.html.erb:13:in `_app_views_patients_index_html_erb__4175747092530904767_69976170849340'


  Rendered /usr/lib/ruby/vendor_ruby/action_dispatch/middleware/templates/rescues/_source.erb (9.7ms)
  Rendered /usr/lib/ruby/vendor_ruby/action_dispatch/middleware/templates/rescues/_trace.html.erb (2.1ms)
  Rendered /usr/lib/ruby/vendor_ruby/action_dispatch/middleware/templates/rescues/_request_and_response.html.erb (0.9ms)
  Rendered /usr/lib/ruby/vendor_ruby/action_dispatch/middleware/templates/rescues/template_error.html.erb within rescues/layout (38.2ms)
  Rendered /usr/lib/ruby/vendor_ruby/web_console/templates/_markup.html.erb (0.4ms)
  Rendered /usr/lib/ruby/vendor_ruby/web_console/templates/_inner_console_markup.html.erb within layouts/inlined_string (0.3ms)
  Rendered /usr/lib/ruby/vendor_ruby/web_console/templates/_prompt_box_markup.html.erb within layouts/inlined_string (0.3ms)
  Rendered /usr/lib/ruby/vendor_ruby/web_console/templates/style.css.erb within layouts/inlined_string (0.4ms)
  Rendered /usr/lib/ruby/vendor_ruby/web_console/templates/console.js.erb within layouts/javascript (31.8ms)
  Rendered /usr/lib/ruby/vendor_ruby/web_console/templates/main.js.erb within layouts/javascript (3.9ms)
  Rendered /usr/lib/ruby/vendor_ruby/web_console/templates/error_page.js.erb within layouts/javascript (0.4ms)
  Rendered /usr/lib/ruby/vendor_ruby/web_console/templates/index.html.erb (68.8ms)


Started GET "/patients" for 127.0.0.1 at 2017-04-08 11:57:20 +0100
Processing by PatientsController#index as HTML
  [1m[35mPatient Load (0.2ms)[0m  SELECT "patients".* FROM "patients"  ORDER BY name asc, created_at DESC
  Rendered patients/index.html.erb within layouts/application (12.4ms)
Completed 200 OK in 501ms (Views: 492.3ms | ActiveRecord: 0.9ms)


Started GET "/assets/patients.self-e3b0c44298fc1c149afbf4c8996fb92427ae41e4649b934ca495991b7852b855.css?body=1" for 127.0.0.1 at 2017-04-08 11:57:21 +0100


Started GET "/assets/requests.self-e3b0c44298fc1c149afbf4c8996fb92427ae41e4649b934ca495991b7852b855.css?body=1" for 127.0.0.1 at 2017-04-08 11:57:21 +0100


Started GET "/assets/scaffolds.self-ba31ae3f7eef2c01d50c581bbbd7bf5ff0fa4344618b692e70a42b041b15f064.css?body=1" for 127.0.0.1 at 2017-04-08 11:57:21 +0100


Started GET "/assets/application.self-e80e8f2318043e8af94dddc2adad5a4f09739a8ebb323b3ab31cd71d45fd9113.css?body=1" for 127.0.0.1 at 2017-04-08 11:57:21 +0100


Started GET "/assets/jquery.self-c03f4eaf1119e6e68820418ad53c328101312ebc906325c60ad7c32edaa360b7.js?body=1" for 127.0.0.1 at 2017-04-08 11:57:21 +0100


Started GET "/assets/patients.self-877aef30ae1b040ab8a3aba4e3e309a11d7f2612f44dde450b5c157aa5f95c05.js?body=1" for 127.0.0.1 at 2017-04-08 11:57:21 +0100


Started GET "/assets/jquery_ujs.self-d456baa54c1fa6be2ec3711f0a72ddf7a5b2f34a6b4f515f33767d6207b7d4b3.js?body=1" for 127.0.0.1 at 2017-04-08 11:57:21 +0100


Started GET "/assets/turbolinks.self-c37727e9bd6b2735da5c311aa83fead54ed0be6cc8bd9a65309e9c5abe2cbfff.js?body=1" for 127.0.0.1 at 2017-04-08 11:57:21 +0100


Started GET "/assets/application.self-3b8dabdc891efe46b9a144b400ad69e37d7e5876bdc39dee783419a69d7ca819.js?body=1" for 127.0.0.1 at 2017-04-08 11:57:21 +0100


Started GET "/assets/requests.self-877aef30ae1b040ab8a3aba4e3e309a11d7f2612f44dde450b5c157aa5f95c05.js?body=1" for 127.0.0.1 at 2017-04-08 11:57:21 +0100


Started GET "/patients?direction=desc&sort=name" for 127.0.0.1 at 2017-04-08 11:57:23 +0100
Processing by PatientsController#index as HTML
  Parameters: {"direction"=>"desc", "sort"=>"name"}
  [1m[36mPatient Load (0.2ms)[0m  [1mSELECT "patients".* FROM "patients"  ORDER BY name desc, created_at DESC[0m
  Rendered patients/index.html.erb within layouts/application (7.5ms)
Completed 200 OK in 76ms (Views: 73.8ms | ActiveRecord: 0.2ms)


Started GET "/patients?direction=asc&sort=name" for 127.0.0.1 at 2017-04-08 11:57:24 +0100
Processing by PatientsController#index as HTML
  Parameters: {"direction"=>"asc", "sort"=>"name"}
  [1m[35mPatient Load (0.2ms)[0m  SELECT "patients".* FROM "patients"  ORDER BY name asc, created_at DESC
  Rendered patients/index.html.erb within layouts/application (3.1ms)
Completed 200 OK in 67ms (Views: 66.5ms | ActiveRecord: 0.2ms)


Started GET "/patients?direction=desc&sort=name" for 127.0.0.1 at 2017-04-08 11:57:24 +0100
Processing by PatientsController#index as HTML
  Parameters: {"direction"=>"desc", "sort"=>"name"}
  [1m[36mPatient Load (0.2ms)[0m  [1mSELECT "patients".* FROM "patients"  ORDER BY name desc, created_at DESC[0m
  Rendered patients/index.html.erb within layouts/application (2.3ms)
Completed 200 OK in 100ms (Views: 98.9ms | ActiveRecord: 0.2ms)


Started GET "/patients?direction=asc&sort=name" for 127.0.0.1 at 2017-04-08 11:57:25 +0100
Processing by PatientsController#index as HTML
  Parameters: {"direction"=>"asc", "sort"=>"name"}
  [1m[35mPatient Load (0.2ms)[0m  SELECT "patients".* FROM "patients"  ORDER BY name asc, created_at DESC
  Rendered patients/index.html.erb within layouts/application (1.9ms)
Completed 200 OK in 83ms (Views: 82.7ms | ActiveRecord: 0.2ms)


Started GET "/patients?direction=desc&sort=name" for 127.0.0.1 at 2017-04-08 11:57:25 +0100
Processing by PatientsController#index as HTML
  Parameters: {"direction"=>"desc", "sort"=>"name"}
  [1m[36mPatient Load (0.2ms)[0m  [1mSELECT "patients".* FROM "patients"  ORDER BY name desc, created_at DESC[0m
  Rendered patients/index.html.erb within layouts/application (2.1ms)
Completed 200 OK in 96ms (Views: 95.1ms | ActiveRecord: 0.2ms)
